<?xml version="1.0" encoding="UTF-8"?>
<testng-results ignored="4" total="71" passed="67" failed="0" skipped="0">
  <reporter-output>
  </reporter-output>
  <suite started-at="2024-03-03T10:37:55 IST" name="Suite" finished-at="2024-03-03T10:38:51 IST" duration-ms="56165">
    <groups>
    </groups>
    <test started-at="2024-03-03T10:37:55 IST" name="Test1" finished-at="2024-03-03T10:38:51 IST" duration-ms="56165">
      <class name="test_scenarios.UsedCarsTest">
        <test-method is-config="true" signature="initialise()[pri:0, instance:test_scenarios.UsedCarsTest@61df66b6]" started-at="2024-03-03T10:38:49 IST" name="initialise" finished-at="2024-03-03T10:38:51 IST" duration-ms="1367" status="PASS">
          <reporter-output>
          </reporter-output>
        </test-method> <!-- initialise -->
        <test-method signature="testNumberOfPopularCategories()[pri:1, instance:test_scenarios.UsedCarsTest@61df66b6]" started-at="2024-03-03T10:38:51 IST" name="testNumberOfPopularCategories" description="the listed popular card categories must be 9 in number" finished-at="2024-03-03T10:38:51 IST" duration-ms="600" status="PASS">
          <reporter-output>
          </reporter-output>
        </test-method> <!-- testNumberOfPopularCategories -->
        <test-method is-config="true" signature="naturalise()[pri:0, instance:test_scenarios.UsedCarsTest@61df66b6]" started-at="2024-03-03T10:38:51 IST" name="naturalise" finished-at="2024-03-03T10:38:51 IST" duration-ms="1" status="PASS">
          <reporter-output>
          </reporter-output>
        </test-method> <!-- naturalise -->
      </class> <!-- test_scenarios.UsedCarsTest -->
      <class name="test_scenarios.LoginTest">
        <test-method is-config="true" signature="initialise()[pri:0, instance:test_scenarios.LoginTest@291ae]" started-at="2024-03-03T10:38:17 IST" name="initialise" finished-at="2024-03-03T10:38:26 IST" duration-ms="8125" status="PASS">
          <reporter-output>
          </reporter-output>
        </test-method> <!-- initialise -->
        <test-method signature="loginUsingEmail(java.lang.String)[pri:0, instance:test_scenarios.LoginTest@291ae]" started-at="2024-03-03T10:38:26 IST" name="loginUsingEmail" data-provider="email" finished-at="2024-03-03T10:38:30 IST" duration-ms="4143" status="PASS">
          <params>
            <param index="0">
              <value>
                <![CDATA[WayfinderChief@oceanexplorers.com]]>
              </value>
            </param>
          </params>
          <reporter-output>
          </reporter-output>
        </test-method> <!-- loginUsingEmail -->
        <test-method signature="loginUsingEmail(java.lang.String)[pri:0, instance:test_scenarios.LoginTest@291ae]" started-at="2024-03-03T10:38:30 IST" name="loginUsingEmail" data-provider="email" finished-at="2024-03-03T10:38:33 IST" duration-ms="2870" status="PASS">
          <params>
            <param index="0">
              <value>
                <![CDATA[MrsPotts@enchantedlibrary.com]]>
              </value>
            </param>
          </params>
          <reporter-output>
          </reporter-output>
        </test-method> <!-- loginUsingEmail -->
        <test-method signature="loginUsingEmail(java.lang.String)[pri:0, instance:test_scenarios.LoginTest@291ae]" started-at="2024-03-03T10:38:33 IST" name="loginUsingEmail" data-provider="email" finished-at="2024-03-03T10:38:35 IST" duration-ms="2879" status="PASS">
          <params>
            <param index="0">
              <value>
                <![CDATA[SebastianConcerts@mermaidmusic.com]]>
              </value>
            </param>
          </params>
          <reporter-output>
          </reporter-output>
        </test-method> <!-- loginUsingEmail -->
        <test-method signature="loginUsingEmail(java.lang.String)[pri:0, instance:test_scenarios.LoginTest@291ae]" started-at="2024-03-03T10:38:35 IST" name="loginUsingEmail" data-provider="email" finished-at="2024-03-03T10:38:38 IST" duration-ms="2846" status="PASS">
          <params>
            <param index="0">
              <value>
                <![CDATA[FairyGodmother@magicalboutique.com]]>
              </value>
            </param>
          </params>
          <reporter-output>
          </reporter-output>
        </test-method> <!-- loginUsingEmail -->
        <test-method signature="loginUsingEmail(java.lang.String)[pri:0, instance:test_scenarios.LoginTest@291ae]" started-at="2024-03-03T10:38:38 IST" name="loginUsingEmail" data-provider="email" finished-at="2024-03-03T10:38:41 IST" duration-ms="2790" status="PASS">
          <params>
            <param index="0">
              <value>
                <![CDATA[DwarvesKitchen@enchantedforest.com]]>
              </value>
            </param>
          </params>
          <reporter-output>
          </reporter-output>
        </test-method> <!-- loginUsingEmail -->
        <test-method signature="loginUsingPhoneNumber(java.lang.String)[pri:0, instance:test_scenarios.LoginTest@291ae]" started-at="2024-03-03T10:38:41 IST" name="loginUsingPhoneNumber" data-provider="phone_number" finished-at="2024-03-03T10:38:44 IST" duration-ms="2612" status="PASS">
          <params>
            <param index="0">
              <value>
                <![CDATA[3333333333]]>
              </value>
            </param>
          </params>
          <reporter-output>
          </reporter-output>
        </test-method> <!-- loginUsingPhoneNumber -->
        <test-method signature="loginUsingPhoneNumber(java.lang.String)[pri:0, instance:test_scenarios.LoginTest@291ae]" started-at="2024-03-03T10:38:44 IST" name="loginUsingPhoneNumber" data-provider="phone_number" finished-at="2024-03-03T10:38:46 IST" duration-ms="2524" status="PASS">
          <params>
            <param index="0">
              <value>
                <![CDATA[0000000000]]>
              </value>
            </param>
          </params>
          <reporter-output>
          </reporter-output>
        </test-method> <!-- loginUsingPhoneNumber -->
        <test-method signature="loginUsingPhoneNumber(java.lang.String)[pri:0, instance:test_scenarios.LoginTest@291ae]" started-at="2024-03-03T10:38:46 IST" name="loginUsingPhoneNumber" data-provider="phone_number" finished-at="2024-03-03T10:38:49 IST" duration-ms="2519" status="PASS">
          <params>
            <param index="0">
              <value>
                <![CDATA[2222222222]]>
              </value>
            </param>
          </params>
          <reporter-output>
          </reporter-output>
        </test-method> <!-- loginUsingPhoneNumber -->
        <test-method is-config="true" signature="naturalise()[pri:0, instance:test_scenarios.LoginTest@291ae]" started-at="2024-03-03T10:38:49 IST" name="naturalise" finished-at="2024-03-03T10:38:49 IST" duration-ms="610" status="PASS">
          <reporter-output>
          </reporter-output>
        </test-method> <!-- naturalise -->
      </class> <!-- test_scenarios.LoginTest -->
      <class name="test_scenarios.UpcomingBikesTest">
        <test-method is-config="true" signature="init()[pri:0, instance:test_scenarios.UpcomingBikesTest@481a996b]" started-at="2024-03-03T10:37:43 IST" name="init" finished-at="2024-03-03T10:37:55 IST" duration-ms="12087" status="PASS">
          <reporter-output>
          </reporter-output>
        </test-method> <!-- init -->
        <test-method is-config="true" signature="initialise()[pri:0, instance:test_scenarios.UpcomingBikesTest@481a996b]" started-at="2024-03-03T10:37:55 IST" name="initialise" finished-at="2024-03-03T10:38:14 IST" duration-ms="19089" status="PASS">
          <reporter-output>
          </reporter-output>
        </test-method> <!-- initialise -->
        <test-method signature="priceUnderTwoLakhTest(java.lang.String,java.lang.Double,java.time.LocalDate)[pri:1, instance:test_scenarios.UpcomingBikesTest@481a996b]" started-at="2024-03-03T10:38:15 IST" name="priceUnderTwoLakhTest" description="check is any bike with price &gt; 2L was retreived on application of appropriate filters" data-provider="bikes" finished-at="2024-03-03T10:38:15 IST" duration-ms="18" status="PASS">
          <params>
            <param index="0">
              <value>
                <![CDATA[Husqvarna Vitpilen 125]]>
              </value>
            </param>
            <param index="1">
              <value>
                <![CDATA[135000.0]]>
              </value>
            </param>
            <param index="2">
              <value>
                <![CDATA[2024-03-31]]>
              </value>
            </param>
          </params>
          <reporter-output>
          </reporter-output>
        </test-method> <!-- priceUnderTwoLakhTest -->
        <test-method signature="priceUnderTwoLakhTest(java.lang.String,java.lang.Double,java.time.LocalDate)[pri:1, instance:test_scenarios.UpcomingBikesTest@481a996b]" started-at="2024-03-03T10:38:15 IST" name="priceUnderTwoLakhTest" description="check is any bike with price &gt; 2L was retreived on application of appropriate filters" data-provider="bikes" finished-at="2024-03-03T10:38:15 IST" duration-ms="3" status="PASS">
          <params>
            <param index="0">
              <value>
                <![CDATA[Husqvarna Svartpilen 201]]>
              </value>
            </param>
            <param index="1">
              <value>
                <![CDATA[135000.0]]>
              </value>
            </param>
            <param index="2">
              <value>
                <![CDATA[2024-03-31]]>
              </value>
            </param>
          </params>
          <reporter-output>
          </reporter-output>
        </test-method> <!-- priceUnderTwoLakhTest -->
        <test-method signature="priceUnderTwoLakhTest(java.lang.String,java.lang.Double,java.time.LocalDate)[pri:1, instance:test_scenarios.UpcomingBikesTest@481a996b]" started-at="2024-03-03T10:38:15 IST" name="priceUnderTwoLakhTest" description="check is any bike with price &gt; 2L was retreived on application of appropriate filters" data-provider="bikes" finished-at="2024-03-03T10:38:15 IST" duration-ms="2" status="PASS">
          <params>
            <param index="0">
              <value>
                <![CDATA[Yamaha XSR125]]>
              </value>
            </param>
            <param index="1">
              <value>
                <![CDATA[135000.0]]>
              </value>
            </param>
            <param index="2">
              <value>
                <![CDATA[2024-03-31]]>
              </value>
            </param>
          </params>
          <reporter-output>
          </reporter-output>
        </test-method> <!-- priceUnderTwoLakhTest -->
        <test-method signature="priceUnderTwoLakhTest(java.lang.String,java.lang.Double,java.time.LocalDate)[pri:1, instance:test_scenarios.UpcomingBikesTest@481a996b]" started-at="2024-03-03T10:38:15 IST" name="priceUnderTwoLakhTest" description="check is any bike with price &gt; 2L was retreived on application of appropriate filters" data-provider="bikes" finished-at="2024-03-03T10:38:15 IST" duration-ms="2" status="PASS">
          <params>
            <param index="0">
              <value>
                <![CDATA[Yamaha NMax 155]]>
              </value>
            </param>
            <param index="1">
              <value>
                <![CDATA[135000.0]]>
              </value>
            </param>
            <param index="2">
              <value>
                <![CDATA[2024-03-31]]>
              </value>
            </param>
          </params>
          <reporter-output>
          </reporter-output>
        </test-method> <!-- priceUnderTwoLakhTest -->
        <test-method signature="priceUnderTwoLakhTest(java.lang.String,java.lang.Double,java.time.LocalDate)[pri:1, instance:test_scenarios.UpcomingBikesTest@481a996b]" started-at="2024-03-03T10:38:15 IST" name="priceUnderTwoLakhTest" description="check is any bike with price &gt; 2L was retreived on application of appropriate filters" data-provider="bikes" finished-at="2024-03-03T10:38:15 IST" duration-ms="2" status="PASS">
          <params>
            <param index="0">
              <value>
                <![CDATA[Eko Tejas E-Dyroth]]>
              </value>
            </param>
            <param index="1">
              <value>
                <![CDATA[135000.0]]>
              </value>
            </param>
            <param index="2">
              <value>
                <![CDATA[2024-03-31]]>
              </value>
            </param>
          </params>
          <reporter-output>
          </reporter-output>
        </test-method> <!-- priceUnderTwoLakhTest -->
        <test-method signature="priceUnderTwoLakhTest(java.lang.String,java.lang.Double,java.time.LocalDate)[pri:1, instance:test_scenarios.UpcomingBikesTest@481a996b]" started-at="2024-03-03T10:38:15 IST" name="priceUnderTwoLakhTest" description="check is any bike with price &gt; 2L was retreived on application of appropriate filters" data-provider="bikes" finished-at="2024-03-03T10:38:15 IST" duration-ms="2" status="PASS">
          <params>
            <param index="0">
              <value>
                <![CDATA[Honda Activa Electric]]>
              </value>
            </param>
            <param index="1">
              <value>
                <![CDATA[135000.0]]>
              </value>
            </param>
            <param index="2">
              <value>
                <![CDATA[2024-03-31]]>
              </value>
            </param>
          </params>
          <reporter-output>
          </reporter-output>
        </test-method> <!-- priceUnderTwoLakhTest -->
        <test-method signature="priceUnderTwoLakhTest(java.lang.String,java.lang.Double,java.time.LocalDate)[pri:1, instance:test_scenarios.UpcomingBikesTest@481a996b]" started-at="2024-03-03T10:38:15 IST" name="priceUnderTwoLakhTest" description="check is any bike with price &gt; 2L was retreived on application of appropriate filters" data-provider="bikes" finished-at="2024-03-03T10:38:15 IST" duration-ms="1" status="PASS">
          <params>
            <param index="0">
              <value>
                <![CDATA[Hero Xoom 160]]>
              </value>
            </param>
            <param index="1">
              <value>
                <![CDATA[135000.0]]>
              </value>
            </param>
            <param index="2">
              <value>
                <![CDATA[2024-03-31]]>
              </value>
            </param>
          </params>
          <reporter-output>
          </reporter-output>
        </test-method> <!-- priceUnderTwoLakhTest -->
        <test-method signature="priceUnderTwoLakhTest(java.lang.String,java.lang.Double,java.time.LocalDate)[pri:1, instance:test_scenarios.UpcomingBikesTest@481a996b]" started-at="2024-03-03T10:38:15 IST" name="priceUnderTwoLakhTest" description="check is any bike with price &gt; 2L was retreived on application of appropriate filters" data-provider="bikes" finished-at="2024-03-03T10:38:15 IST" duration-ms="2" status="PASS">
          <params>
            <param index="0">
              <value>
                <![CDATA[Tork Electric Bike]]>
              </value>
            </param>
            <param index="1">
              <value>
                <![CDATA[135000.0]]>
              </value>
            </param>
            <param index="2">
              <value>
                <![CDATA[2024-03-31]]>
              </value>
            </param>
          </params>
          <reporter-output>
          </reporter-output>
        </test-method> <!-- priceUnderTwoLakhTest -->
        <test-method signature="priceUnderTwoLakhTest(java.lang.String,java.lang.Double,java.time.LocalDate)[pri:1, instance:test_scenarios.UpcomingBikesTest@481a996b]" started-at="2024-03-03T10:38:15 IST" name="priceUnderTwoLakhTest" description="check is any bike with price &gt; 2L was retreived on application of appropriate filters" data-provider="bikes" finished-at="2024-03-03T10:38:15 IST" duration-ms="2" status="PASS">
          <params>
            <param index="0">
              <value>
                <![CDATA[Hero Xtreme 200R]]>
              </value>
            </param>
            <param index="1">
              <value>
                <![CDATA[135000.0]]>
              </value>
            </param>
            <param index="2">
              <value>
                <![CDATA[2024-03-31]]>
              </value>
            </param>
          </params>
          <reporter-output>
          </reporter-output>
        </test-method> <!-- priceUnderTwoLakhTest -->
        <test-method signature="priceUnderTwoLakhTest(java.lang.String,java.lang.Double,java.time.LocalDate)[pri:1, instance:test_scenarios.UpcomingBikesTest@481a996b]" started-at="2024-03-03T10:38:15 IST" name="priceUnderTwoLakhTest" description="check is any bike with price &gt; 2L was retreived on application of appropriate filters" data-provider="bikes" finished-at="2024-03-03T10:38:15 IST" duration-ms="3" status="PASS">
          <params>
            <param index="0">
              <value>
                <![CDATA[Ather Rizta]]>
              </value>
            </param>
            <param index="1">
              <value>
                <![CDATA[135000.0]]>
              </value>
            </param>
            <param index="2">
              <value>
                <![CDATA[2024-03-31]]>
              </value>
            </param>
          </params>
          <reporter-output>
          </reporter-output>
        </test-method> <!-- priceUnderTwoLakhTest -->
        <test-method signature="priceUnderTwoLakhTest(java.lang.String,java.lang.Double,java.time.LocalDate)[pri:1, instance:test_scenarios.UpcomingBikesTest@481a996b]" started-at="2024-03-03T10:38:15 IST" name="priceUnderTwoLakhTest" description="check is any bike with price &gt; 2L was retreived on application of appropriate filters" data-provider="bikes" finished-at="2024-03-03T10:38:15 IST" duration-ms="2" status="PASS">
          <params>
            <param index="0">
              <value>
                <![CDATA[Suzuki Burgman Electric]]>
              </value>
            </param>
            <param index="1">
              <value>
                <![CDATA[135000.0]]>
              </value>
            </param>
            <param index="2">
              <value>
                <![CDATA[2024-03-31]]>
              </value>
            </param>
          </params>
          <reporter-output>
          </reporter-output>
        </test-method> <!-- priceUnderTwoLakhTest -->
        <test-method signature="priceUnderTwoLakhTest(java.lang.String,java.lang.Double,java.time.LocalDate)[pri:1, instance:test_scenarios.UpcomingBikesTest@481a996b]" started-at="2024-03-03T10:38:15 IST" name="priceUnderTwoLakhTest" description="check is any bike with price &gt; 2L was retreived on application of appropriate filters" data-provider="bikes" finished-at="2024-03-03T10:38:15 IST" duration-ms="2" status="PASS">
          <params>
            <param index="0">
              <value>
                <![CDATA[Zontes U1 200]]>
              </value>
            </param>
            <param index="1">
              <value>
                <![CDATA[135000.0]]>
              </value>
            </param>
            <param index="2">
              <value>
                <![CDATA[2024-03-31]]>
              </value>
            </param>
          </params>
          <reporter-output>
          </reporter-output>
        </test-method> <!-- priceUnderTwoLakhTest -->
        <test-method signature="priceUnderTwoLakhTest(java.lang.String,java.lang.Double,java.time.LocalDate)[pri:1, instance:test_scenarios.UpcomingBikesTest@481a996b]" started-at="2024-03-03T10:38:15 IST" name="priceUnderTwoLakhTest" description="check is any bike with price &gt; 2L was retreived on application of appropriate filters" data-provider="bikes" finished-at="2024-03-03T10:38:15 IST" duration-ms="3" status="PASS">
          <params>
            <param index="0">
              <value>
                <![CDATA[Tork Kratos X]]>
              </value>
            </param>
            <param index="1">
              <value>
                <![CDATA[135000.0]]>
              </value>
            </param>
            <param index="2">
              <value>
                <![CDATA[2024-03-31]]>
              </value>
            </param>
          </params>
          <reporter-output>
          </reporter-output>
        </test-method> <!-- priceUnderTwoLakhTest -->
        <test-method signature="priceUnderTwoLakhTest(java.lang.String,java.lang.Double,java.time.LocalDate)[pri:1, instance:test_scenarios.UpcomingBikesTest@481a996b]" started-at="2024-03-03T10:38:15 IST" name="priceUnderTwoLakhTest" description="check is any bike with price &gt; 2L was retreived on application of appropriate filters" data-provider="bikes" finished-at="2024-03-03T10:38:15 IST" duration-ms="2" status="PASS">
          <params>
            <param index="0">
              <value>
                <![CDATA[Revamp Moto RM Mitra]]>
              </value>
            </param>
            <param index="1">
              <value>
                <![CDATA[135000.0]]>
              </value>
            </param>
            <param index="2">
              <value>
                <![CDATA[2024-03-31]]>
              </value>
            </param>
          </params>
          <reporter-output>
          </reporter-output>
        </test-method> <!-- priceUnderTwoLakhTest -->
        <test-method signature="priceUnderTwoLakhTest(java.lang.String,java.lang.Double,java.time.LocalDate)[pri:1, instance:test_scenarios.UpcomingBikesTest@481a996b]" started-at="2024-03-03T10:38:15 IST" name="priceUnderTwoLakhTest" description="check is any bike with price &gt; 2L was retreived on application of appropriate filters" data-provider="bikes" finished-at="2024-03-03T10:38:15 IST" duration-ms="2" status="PASS">
          <params>
            <param index="0">
              <value>
                <![CDATA[Gogoro CrossOver]]>
              </value>
            </param>
            <param index="1">
              <value>
                <![CDATA[135000.0]]>
              </value>
            </param>
            <param index="2">
              <value>
                <![CDATA[2024-03-31]]>
              </value>
            </param>
          </params>
          <reporter-output>
          </reporter-output>
        </test-method> <!-- priceUnderTwoLakhTest -->
        <test-method signature="priceUnderTwoLakhTest(java.lang.String,java.lang.Double,java.time.LocalDate)[pri:1, instance:test_scenarios.UpcomingBikesTest@481a996b]" started-at="2024-03-03T10:38:15 IST" name="priceUnderTwoLakhTest" description="check is any bike with price &gt; 2L was retreived on application of appropriate filters" data-provider="bikes" finished-at="2024-03-03T10:38:15 IST" duration-ms="3" status="PASS">
          <params>
            <param index="0">
              <value>
                <![CDATA[Honda PCX160]]>
              </value>
            </param>
            <param index="1">
              <value>
                <![CDATA[135000.0]]>
              </value>
            </param>
            <param index="2">
              <value>
                <![CDATA[2024-03-31]]>
              </value>
            </param>
          </params>
          <reporter-output>
          </reporter-output>
        </test-method> <!-- priceUnderTwoLakhTest -->
        <test-method signature="priceUnderTwoLakhTest(java.lang.String,java.lang.Double,java.time.LocalDate)[pri:1, instance:test_scenarios.UpcomingBikesTest@481a996b]" started-at="2024-03-03T10:38:15 IST" name="priceUnderTwoLakhTest" description="check is any bike with price &gt; 2L was retreived on application of appropriate filters" data-provider="bikes" finished-at="2024-03-03T10:38:15 IST" duration-ms="1" status="PASS">
          <params>
            <param index="0">
              <value>
                <![CDATA[TVS ADV]]>
              </value>
            </param>
            <param index="1">
              <value>
                <![CDATA[135000.0]]>
              </value>
            </param>
            <param index="2">
              <value>
                <![CDATA[2024-03-31]]>
              </value>
            </param>
          </params>
          <reporter-output>
          </reporter-output>
        </test-method> <!-- priceUnderTwoLakhTest -->
        <test-method signature="priceUnderTwoLakhTest(java.lang.String,java.lang.Double,java.time.LocalDate)[pri:1, instance:test_scenarios.UpcomingBikesTest@481a996b]" started-at="2024-03-03T10:38:15 IST" name="priceUnderTwoLakhTest" description="check is any bike with price &gt; 2L was retreived on application of appropriate filters" data-provider="bikes" finished-at="2024-03-03T10:38:15 IST" duration-ms="1" status="PASS">
          <params>
            <param index="0">
              <value>
                <![CDATA[Bajaj Pulsar NS400]]>
              </value>
            </param>
            <param index="1">
              <value>
                <![CDATA[135000.0]]>
              </value>
            </param>
            <param index="2">
              <value>
                <![CDATA[2024-03-31]]>
              </value>
            </param>
          </params>
          <reporter-output>
          </reporter-output>
        </test-method> <!-- priceUnderTwoLakhTest -->
        <test-method signature="priceUnderTwoLakhTest(java.lang.String,java.lang.Double,java.time.LocalDate)[pri:1, instance:test_scenarios.UpcomingBikesTest@481a996b]" started-at="2024-03-03T10:38:15 IST" name="priceUnderTwoLakhTest" description="check is any bike with price &gt; 2L was retreived on application of appropriate filters" data-provider="bikes" finished-at="2024-03-03T10:38:15 IST" duration-ms="2" status="PASS">
          <params>
            <param index="0">
              <value>
                <![CDATA[Ola Roadster]]>
              </value>
            </param>
            <param index="1">
              <value>
                <![CDATA[135000.0]]>
              </value>
            </param>
            <param index="2">
              <value>
                <![CDATA[2024-03-31]]>
              </value>
            </param>
          </params>
          <reporter-output>
          </reporter-output>
        </test-method> <!-- priceUnderTwoLakhTest -->
        <test-method signature="priceUnderTwoLakhTest(java.lang.String,java.lang.Double,java.time.LocalDate)[pri:1, instance:test_scenarios.UpcomingBikesTest@481a996b]" started-at="2024-03-03T10:38:15 IST" name="priceUnderTwoLakhTest" description="check is any bike with price &gt; 2L was retreived on application of appropriate filters" data-provider="bikes" finished-at="2024-03-03T10:38:15 IST" duration-ms="2" status="PASS">
          <params>
            <param index="0">
              <value>
                <![CDATA[Hero Xtreme 210R]]>
              </value>
            </param>
            <param index="1">
              <value>
                <![CDATA[135000.0]]>
              </value>
            </param>
            <param index="2">
              <value>
                <![CDATA[2024-03-31]]>
              </value>
            </param>
          </params>
          <reporter-output>
          </reporter-output>
        </test-method> <!-- priceUnderTwoLakhTest -->
        <test-method signature="priceUnderTwoLakhTest(java.lang.String,java.lang.Double,java.time.LocalDate)[pri:1, instance:test_scenarios.UpcomingBikesTest@481a996b]" started-at="2024-03-03T10:38:15 IST" name="priceUnderTwoLakhTest" description="check is any bike with price &gt; 2L was retreived on application of appropriate filters" data-provider="bikes" finished-at="2024-03-03T10:38:15 IST" duration-ms="2" status="PASS">
          <params>
            <param index="0">
              <value>
                <![CDATA[Hero XPulse 210]]>
              </value>
            </param>
            <param index="1">
              <value>
                <![CDATA[135000.0]]>
              </value>
            </param>
            <param index="2">
              <value>
                <![CDATA[2024-03-31]]>
              </value>
            </param>
          </params>
          <reporter-output>
          </reporter-output>
        </test-method> <!-- priceUnderTwoLakhTest -->
        <test-method signature="priceUnderTwoLakhTest(java.lang.String,java.lang.Double,java.time.LocalDate)[pri:1, instance:test_scenarios.UpcomingBikesTest@481a996b]" started-at="2024-03-03T10:38:15 IST" name="priceUnderTwoLakhTest" description="check is any bike with price &gt; 2L was retreived on application of appropriate filters" data-provider="bikes" finished-at="2024-03-03T10:38:15 IST" duration-ms="2" status="PASS">
          <params>
            <param index="0">
              <value>
                <![CDATA[Hero Adventure Scooter]]>
              </value>
            </param>
            <param index="1">
              <value>
                <![CDATA[135000.0]]>
              </value>
            </param>
            <param index="2">
              <value>
                <![CDATA[2024-03-31]]>
              </value>
            </param>
          </params>
          <reporter-output>
          </reporter-output>
        </test-method> <!-- priceUnderTwoLakhTest -->
        <test-method signature="priceUnderTwoLakhTest(java.lang.String,java.lang.Double,java.time.LocalDate)[pri:1, instance:test_scenarios.UpcomingBikesTest@481a996b]" started-at="2024-03-03T10:38:15 IST" name="priceUnderTwoLakhTest" description="check is any bike with price &gt; 2L was retreived on application of appropriate filters" data-provider="bikes" finished-at="2024-03-03T10:38:15 IST" duration-ms="1" status="PASS">
          <params>
            <param index="0">
              <value>
                <![CDATA[Gogoro 2 Series]]>
              </value>
            </param>
            <param index="1">
              <value>
                <![CDATA[135000.0]]>
              </value>
            </param>
            <param index="2">
              <value>
                <![CDATA[2024-03-31]]>
              </value>
            </param>
          </params>
          <reporter-output>
          </reporter-output>
        </test-method> <!-- priceUnderTwoLakhTest -->
        <test-method signature="priceUnderTwoLakhTest(java.lang.String,java.lang.Double,java.time.LocalDate)[pri:1, instance:test_scenarios.UpcomingBikesTest@481a996b]" started-at="2024-03-03T10:38:15 IST" name="priceUnderTwoLakhTest" description="check is any bike with price &gt; 2L was retreived on application of appropriate filters" data-provider="bikes" finished-at="2024-03-03T10:38:15 IST" duration-ms="1" status="PASS">
          <params>
            <param index="0">
              <value>
                <![CDATA[Peugeot Django 125]]>
              </value>
            </param>
            <param index="1">
              <value>
                <![CDATA[135000.0]]>
              </value>
            </param>
            <param index="2">
              <value>
                <![CDATA[2024-03-31]]>
              </value>
            </param>
          </params>
          <reporter-output>
          </reporter-output>
        </test-method> <!-- priceUnderTwoLakhTest -->
        <test-method signature="priceUnderTwoLakhTest(java.lang.String,java.lang.Double,java.time.LocalDate)[pri:1, instance:test_scenarios.UpcomingBikesTest@481a996b]" started-at="2024-03-03T10:38:15 IST" name="priceUnderTwoLakhTest" description="check is any bike with price &gt; 2L was retreived on application of appropriate filters" data-provider="bikes" finished-at="2024-03-03T10:38:15 IST" duration-ms="2" status="PASS">
          <params>
            <param index="0">
              <value>
                <![CDATA[Yamaha XSR155]]>
              </value>
            </param>
            <param index="1">
              <value>
                <![CDATA[135000.0]]>
              </value>
            </param>
            <param index="2">
              <value>
                <![CDATA[2024-03-31]]>
              </value>
            </param>
          </params>
          <reporter-output>
          </reporter-output>
        </test-method> <!-- priceUnderTwoLakhTest -->
        <test-method signature="priceUnderTwoLakhTest(java.lang.String,java.lang.Double,java.time.LocalDate)[pri:1, instance:test_scenarios.UpcomingBikesTest@481a996b]" started-at="2024-03-03T10:38:15 IST" name="priceUnderTwoLakhTest" description="check is any bike with price &gt; 2L was retreived on application of appropriate filters" data-provider="bikes" finished-at="2024-03-03T10:38:15 IST" duration-ms="1" status="PASS">
          <params>
            <param index="0">
              <value>
                <![CDATA[Honda CBR150R]]>
              </value>
            </param>
            <param index="1">
              <value>
                <![CDATA[135000.0]]>
              </value>
            </param>
            <param index="2">
              <value>
                <![CDATA[2024-03-31]]>
              </value>
            </param>
          </params>
          <reporter-output>
          </reporter-output>
        </test-method> <!-- priceUnderTwoLakhTest -->
        <test-method signature="priceUnderTwoLakhTest(java.lang.String,java.lang.Double,java.time.LocalDate)[pri:1, instance:test_scenarios.UpcomingBikesTest@481a996b]" started-at="2024-03-03T10:38:15 IST" name="priceUnderTwoLakhTest" description="check is any bike with price &gt; 2L was retreived on application of appropriate filters" data-provider="bikes" finished-at="2024-03-03T10:38:15 IST" duration-ms="2" status="PASS">
          <params>
            <param index="0">
              <value>
                <![CDATA[Bajaj Avenger 400]]>
              </value>
            </param>
            <param index="1">
              <value>
                <![CDATA[135000.0]]>
              </value>
            </param>
            <param index="2">
              <value>
                <![CDATA[2024-03-31]]>
              </value>
            </param>
          </params>
          <reporter-output>
          </reporter-output>
        </test-method> <!-- priceUnderTwoLakhTest -->
        <test-method signature="priceUnderTwoLakhTest(java.lang.String,java.lang.Double,java.time.LocalDate)[pri:1, instance:test_scenarios.UpcomingBikesTest@481a996b]" started-at="2024-03-03T10:38:15 IST" name="priceUnderTwoLakhTest" description="check is any bike with price &gt; 2L was retreived on application of appropriate filters" data-provider="bikes" finished-at="2024-03-03T10:38:15 IST" duration-ms="2" status="PASS">
          <params>
            <param index="0">
              <value>
                <![CDATA[Husqvarna Svartpilen 125]]>
              </value>
            </param>
            <param index="1">
              <value>
                <![CDATA[135000.0]]>
              </value>
            </param>
            <param index="2">
              <value>
                <![CDATA[2024-03-31]]>
              </value>
            </param>
          </params>
          <reporter-output>
          </reporter-output>
        </test-method> <!-- priceUnderTwoLakhTest -->
        <test-method signature="priceUnderTwoLakhTest(java.lang.String,java.lang.Double,java.time.LocalDate)[pri:1, instance:test_scenarios.UpcomingBikesTest@481a996b]" started-at="2024-03-03T10:38:15 IST" name="priceUnderTwoLakhTest" description="check is any bike with price &gt; 2L was retreived on application of appropriate filters" data-provider="bikes" finished-at="2024-03-03T10:38:15 IST" duration-ms="2" status="PASS">
          <params>
            <param index="0">
              <value>
                <![CDATA[KTM Electric Scooter]]>
              </value>
            </param>
            <param index="1">
              <value>
                <![CDATA[135000.0]]>
              </value>
            </param>
            <param index="2">
              <value>
                <![CDATA[2024-03-31]]>
              </value>
            </param>
          </params>
          <reporter-output>
          </reporter-output>
        </test-method> <!-- priceUnderTwoLakhTest -->
        <test-method signature="releaseInFuture(java.lang.String,java.lang.Double,java.time.LocalDate)[pri:1, instance:test_scenarios.UpcomingBikesTest@481a996b]" started-at="2024-03-03T10:38:15 IST" name="releaseInFuture" description="check is any bike with release date of the past was retreived on application of appropriate filters" data-provider="bikes" finished-at="2024-03-03T10:38:15 IST" duration-ms="2" status="PASS">
          <params>
            <param index="0">
              <value>
                <![CDATA[Husqvarna Vitpilen 125]]>
              </value>
            </param>
            <param index="1">
              <value>
                <![CDATA[135000.0]]>
              </value>
            </param>
            <param index="2">
              <value>
                <![CDATA[2024-03-31]]>
              </value>
            </param>
          </params>
          <reporter-output>
          </reporter-output>
        </test-method> <!-- releaseInFuture -->
        <test-method signature="releaseInFuture(java.lang.String,java.lang.Double,java.time.LocalDate)[pri:1, instance:test_scenarios.UpcomingBikesTest@481a996b]" started-at="2024-03-03T10:38:15 IST" name="releaseInFuture" description="check is any bike with release date of the past was retreived on application of appropriate filters" data-provider="bikes" finished-at="2024-03-03T10:38:15 IST" duration-ms="2" status="PASS">
          <params>
            <param index="0">
              <value>
                <![CDATA[Husqvarna Svartpilen 201]]>
              </value>
            </param>
            <param index="1">
              <value>
                <![CDATA[135000.0]]>
              </value>
            </param>
            <param index="2">
              <value>
                <![CDATA[2024-03-31]]>
              </value>
            </param>
          </params>
          <reporter-output>
          </reporter-output>
        </test-method> <!-- releaseInFuture -->
        <test-method signature="releaseInFuture(java.lang.String,java.lang.Double,java.time.LocalDate)[pri:1, instance:test_scenarios.UpcomingBikesTest@481a996b]" started-at="2024-03-03T10:38:15 IST" name="releaseInFuture" description="check is any bike with release date of the past was retreived on application of appropriate filters" data-provider="bikes" finished-at="2024-03-03T10:38:15 IST" duration-ms="2" status="PASS">
          <params>
            <param index="0">
              <value>
                <![CDATA[Yamaha XSR125]]>
              </value>
            </param>
            <param index="1">
              <value>
                <![CDATA[135000.0]]>
              </value>
            </param>
            <param index="2">
              <value>
                <![CDATA[2024-03-31]]>
              </value>
            </param>
          </params>
          <reporter-output>
          </reporter-output>
        </test-method> <!-- releaseInFuture -->
        <test-method signature="releaseInFuture(java.lang.String,java.lang.Double,java.time.LocalDate)[pri:1, instance:test_scenarios.UpcomingBikesTest@481a996b]" started-at="2024-03-03T10:38:15 IST" name="releaseInFuture" description="check is any bike with release date of the past was retreived on application of appropriate filters" data-provider="bikes" finished-at="2024-03-03T10:38:15 IST" duration-ms="2" status="PASS">
          <params>
            <param index="0">
              <value>
                <![CDATA[Yamaha NMax 155]]>
              </value>
            </param>
            <param index="1">
              <value>
                <![CDATA[135000.0]]>
              </value>
            </param>
            <param index="2">
              <value>
                <![CDATA[2024-03-31]]>
              </value>
            </param>
          </params>
          <reporter-output>
          </reporter-output>
        </test-method> <!-- releaseInFuture -->
        <test-method signature="releaseInFuture(java.lang.String,java.lang.Double,java.time.LocalDate)[pri:1, instance:test_scenarios.UpcomingBikesTest@481a996b]" started-at="2024-03-03T10:38:15 IST" name="releaseInFuture" description="check is any bike with release date of the past was retreived on application of appropriate filters" data-provider="bikes" finished-at="2024-03-03T10:38:15 IST" duration-ms="2" status="PASS">
          <params>
            <param index="0">
              <value>
                <![CDATA[Eko Tejas E-Dyroth]]>
              </value>
            </param>
            <param index="1">
              <value>
                <![CDATA[135000.0]]>
              </value>
            </param>
            <param index="2">
              <value>
                <![CDATA[2024-03-31]]>
              </value>
            </param>
          </params>
          <reporter-output>
          </reporter-output>
        </test-method> <!-- releaseInFuture -->
        <test-method signature="releaseInFuture(java.lang.String,java.lang.Double,java.time.LocalDate)[pri:1, instance:test_scenarios.UpcomingBikesTest@481a996b]" started-at="2024-03-03T10:38:15 IST" name="releaseInFuture" description="check is any bike with release date of the past was retreived on application of appropriate filters" data-provider="bikes" finished-at="2024-03-03T10:38:15 IST" duration-ms="2" status="PASS">
          <params>
            <param index="0">
              <value>
                <![CDATA[Honda Activa Electric]]>
              </value>
            </param>
            <param index="1">
              <value>
                <![CDATA[135000.0]]>
              </value>
            </param>
            <param index="2">
              <value>
                <![CDATA[2024-03-31]]>
              </value>
            </param>
          </params>
          <reporter-output>
          </reporter-output>
        </test-method> <!-- releaseInFuture -->
        <test-method signature="releaseInFuture(java.lang.String,java.lang.Double,java.time.LocalDate)[pri:1, instance:test_scenarios.UpcomingBikesTest@481a996b]" started-at="2024-03-03T10:38:15 IST" name="releaseInFuture" description="check is any bike with release date of the past was retreived on application of appropriate filters" data-provider="bikes" finished-at="2024-03-03T10:38:15 IST" duration-ms="1" status="PASS">
          <params>
            <param index="0">
              <value>
                <![CDATA[Hero Xoom 160]]>
              </value>
            </param>
            <param index="1">
              <value>
                <![CDATA[135000.0]]>
              </value>
            </param>
            <param index="2">
              <value>
                <![CDATA[2024-03-31]]>
              </value>
            </param>
          </params>
          <reporter-output>
          </reporter-output>
        </test-method> <!-- releaseInFuture -->
        <test-method signature="releaseInFuture(java.lang.String,java.lang.Double,java.time.LocalDate)[pri:1, instance:test_scenarios.UpcomingBikesTest@481a996b]" started-at="2024-03-03T10:38:15 IST" name="releaseInFuture" description="check is any bike with release date of the past was retreived on application of appropriate filters" data-provider="bikes" finished-at="2024-03-03T10:38:15 IST" duration-ms="1" status="PASS">
          <params>
            <param index="0">
              <value>
                <![CDATA[Tork Electric Bike]]>
              </value>
            </param>
            <param index="1">
              <value>
                <![CDATA[135000.0]]>
              </value>
            </param>
            <param index="2">
              <value>
                <![CDATA[2024-03-31]]>
              </value>
            </param>
          </params>
          <reporter-output>
          </reporter-output>
        </test-method> <!-- releaseInFuture -->
        <test-method signature="releaseInFuture(java.lang.String,java.lang.Double,java.time.LocalDate)[pri:1, instance:test_scenarios.UpcomingBikesTest@481a996b]" started-at="2024-03-03T10:38:15 IST" name="releaseInFuture" description="check is any bike with release date of the past was retreived on application of appropriate filters" data-provider="bikes" finished-at="2024-03-03T10:38:15 IST" duration-ms="1" status="PASS">
          <params>
            <param index="0">
              <value>
                <![CDATA[Hero Xtreme 200R]]>
              </value>
            </param>
            <param index="1">
              <value>
                <![CDATA[135000.0]]>
              </value>
            </param>
            <param index="2">
              <value>
                <![CDATA[2024-03-31]]>
              </value>
            </param>
          </params>
          <reporter-output>
          </reporter-output>
        </test-method> <!-- releaseInFuture -->
        <test-method signature="releaseInFuture(java.lang.String,java.lang.Double,java.time.LocalDate)[pri:1, instance:test_scenarios.UpcomingBikesTest@481a996b]" started-at="2024-03-03T10:38:15 IST" name="releaseInFuture" description="check is any bike with release date of the past was retreived on application of appropriate filters" data-provider="bikes" finished-at="2024-03-03T10:38:15 IST" duration-ms="2" status="PASS">
          <params>
            <param index="0">
              <value>
                <![CDATA[Ather Rizta]]>
              </value>
            </param>
            <param index="1">
              <value>
                <![CDATA[135000.0]]>
              </value>
            </param>
            <param index="2">
              <value>
                <![CDATA[2024-03-31]]>
              </value>
            </param>
          </params>
          <reporter-output>
          </reporter-output>
        </test-method> <!-- releaseInFuture -->
        <test-method signature="releaseInFuture(java.lang.String,java.lang.Double,java.time.LocalDate)[pri:1, instance:test_scenarios.UpcomingBikesTest@481a996b]" started-at="2024-03-03T10:38:15 IST" name="releaseInFuture" description="check is any bike with release date of the past was retreived on application of appropriate filters" data-provider="bikes" finished-at="2024-03-03T10:38:15 IST" duration-ms="1" status="PASS">
          <params>
            <param index="0">
              <value>
                <![CDATA[Suzuki Burgman Electric]]>
              </value>
            </param>
            <param index="1">
              <value>
                <![CDATA[135000.0]]>
              </value>
            </param>
            <param index="2">
              <value>
                <![CDATA[2024-03-31]]>
              </value>
            </param>
          </params>
          <reporter-output>
          </reporter-output>
        </test-method> <!-- releaseInFuture -->
        <test-method signature="releaseInFuture(java.lang.String,java.lang.Double,java.time.LocalDate)[pri:1, instance:test_scenarios.UpcomingBikesTest@481a996b]" started-at="2024-03-03T10:38:15 IST" name="releaseInFuture" description="check is any bike with release date of the past was retreived on application of appropriate filters" data-provider="bikes" finished-at="2024-03-03T10:38:15 IST" duration-ms="2" status="PASS">
          <params>
            <param index="0">
              <value>
                <![CDATA[Zontes U1 200]]>
              </value>
            </param>
            <param index="1">
              <value>
                <![CDATA[135000.0]]>
              </value>
            </param>
            <param index="2">
              <value>
                <![CDATA[2024-03-31]]>
              </value>
            </param>
          </params>
          <reporter-output>
          </reporter-output>
        </test-method> <!-- releaseInFuture -->
        <test-method signature="releaseInFuture(java.lang.String,java.lang.Double,java.time.LocalDate)[pri:1, instance:test_scenarios.UpcomingBikesTest@481a996b]" started-at="2024-03-03T10:38:15 IST" name="releaseInFuture" description="check is any bike with release date of the past was retreived on application of appropriate filters" data-provider="bikes" finished-at="2024-03-03T10:38:15 IST" duration-ms="2" status="PASS">
          <params>
            <param index="0">
              <value>
                <![CDATA[Tork Kratos X]]>
              </value>
            </param>
            <param index="1">
              <value>
                <![CDATA[135000.0]]>
              </value>
            </param>
            <param index="2">
              <value>
                <![CDATA[2024-03-31]]>
              </value>
            </param>
          </params>
          <reporter-output>
          </reporter-output>
        </test-method> <!-- releaseInFuture -->
        <test-method signature="releaseInFuture(java.lang.String,java.lang.Double,java.time.LocalDate)[pri:1, instance:test_scenarios.UpcomingBikesTest@481a996b]" started-at="2024-03-03T10:38:15 IST" name="releaseInFuture" description="check is any bike with release date of the past was retreived on application of appropriate filters" data-provider="bikes" finished-at="2024-03-03T10:38:15 IST" duration-ms="1" status="PASS">
          <params>
            <param index="0">
              <value>
                <![CDATA[Revamp Moto RM Mitra]]>
              </value>
            </param>
            <param index="1">
              <value>
                <![CDATA[135000.0]]>
              </value>
            </param>
            <param index="2">
              <value>
                <![CDATA[2024-03-31]]>
              </value>
            </param>
          </params>
          <reporter-output>
          </reporter-output>
        </test-method> <!-- releaseInFuture -->
        <test-method signature="releaseInFuture(java.lang.String,java.lang.Double,java.time.LocalDate)[pri:1, instance:test_scenarios.UpcomingBikesTest@481a996b]" started-at="2024-03-03T10:38:15 IST" name="releaseInFuture" description="check is any bike with release date of the past was retreived on application of appropriate filters" data-provider="bikes" finished-at="2024-03-03T10:38:15 IST" duration-ms="1" status="PASS">
          <params>
            <param index="0">
              <value>
                <![CDATA[Gogoro CrossOver]]>
              </value>
            </param>
            <param index="1">
              <value>
                <![CDATA[135000.0]]>
              </value>
            </param>
            <param index="2">
              <value>
                <![CDATA[2024-03-31]]>
              </value>
            </param>
          </params>
          <reporter-output>
          </reporter-output>
        </test-method> <!-- releaseInFuture -->
        <test-method signature="releaseInFuture(java.lang.String,java.lang.Double,java.time.LocalDate)[pri:1, instance:test_scenarios.UpcomingBikesTest@481a996b]" started-at="2024-03-03T10:38:15 IST" name="releaseInFuture" description="check is any bike with release date of the past was retreived on application of appropriate filters" data-provider="bikes" finished-at="2024-03-03T10:38:15 IST" duration-ms="2" status="PASS">
          <params>
            <param index="0">
              <value>
                <![CDATA[Honda PCX160]]>
              </value>
            </param>
            <param index="1">
              <value>
                <![CDATA[135000.0]]>
              </value>
            </param>
            <param index="2">
              <value>
                <![CDATA[2024-03-31]]>
              </value>
            </param>
          </params>
          <reporter-output>
          </reporter-output>
        </test-method> <!-- releaseInFuture -->
        <test-method signature="releaseInFuture(java.lang.String,java.lang.Double,java.time.LocalDate)[pri:1, instance:test_scenarios.UpcomingBikesTest@481a996b]" started-at="2024-03-03T10:38:15 IST" name="releaseInFuture" description="check is any bike with release date of the past was retreived on application of appropriate filters" data-provider="bikes" finished-at="2024-03-03T10:38:15 IST" duration-ms="2" status="PASS">
          <params>
            <param index="0">
              <value>
                <![CDATA[TVS ADV]]>
              </value>
            </param>
            <param index="1">
              <value>
                <![CDATA[135000.0]]>
              </value>
            </param>
            <param index="2">
              <value>
                <![CDATA[2024-03-31]]>
              </value>
            </param>
          </params>
          <reporter-output>
          </reporter-output>
        </test-method> <!-- releaseInFuture -->
        <test-method signature="releaseInFuture(java.lang.String,java.lang.Double,java.time.LocalDate)[pri:1, instance:test_scenarios.UpcomingBikesTest@481a996b]" started-at="2024-03-03T10:38:15 IST" name="releaseInFuture" description="check is any bike with release date of the past was retreived on application of appropriate filters" data-provider="bikes" finished-at="2024-03-03T10:38:15 IST" duration-ms="2" status="PASS">
          <params>
            <param index="0">
              <value>
                <![CDATA[Bajaj Pulsar NS400]]>
              </value>
            </param>
            <param index="1">
              <value>
                <![CDATA[135000.0]]>
              </value>
            </param>
            <param index="2">
              <value>
                <![CDATA[2024-03-31]]>
              </value>
            </param>
          </params>
          <reporter-output>
          </reporter-output>
        </test-method> <!-- releaseInFuture -->
        <test-method signature="releaseInFuture(java.lang.String,java.lang.Double,java.time.LocalDate)[pri:1, instance:test_scenarios.UpcomingBikesTest@481a996b]" started-at="2024-03-03T10:38:15 IST" name="releaseInFuture" description="check is any bike with release date of the past was retreived on application of appropriate filters" data-provider="bikes" finished-at="2024-03-03T10:38:15 IST" duration-ms="2" status="PASS">
          <params>
            <param index="0">
              <value>
                <![CDATA[Ola Roadster]]>
              </value>
            </param>
            <param index="1">
              <value>
                <![CDATA[135000.0]]>
              </value>
            </param>
            <param index="2">
              <value>
                <![CDATA[2024-03-31]]>
              </value>
            </param>
          </params>
          <reporter-output>
          </reporter-output>
        </test-method> <!-- releaseInFuture -->
        <test-method signature="releaseInFuture(java.lang.String,java.lang.Double,java.time.LocalDate)[pri:1, instance:test_scenarios.UpcomingBikesTest@481a996b]" started-at="2024-03-03T10:38:15 IST" name="releaseInFuture" description="check is any bike with release date of the past was retreived on application of appropriate filters" data-provider="bikes" finished-at="2024-03-03T10:38:15 IST" duration-ms="2" status="PASS">
          <params>
            <param index="0">
              <value>
                <![CDATA[Hero Xtreme 210R]]>
              </value>
            </param>
            <param index="1">
              <value>
                <![CDATA[135000.0]]>
              </value>
            </param>
            <param index="2">
              <value>
                <![CDATA[2024-03-31]]>
              </value>
            </param>
          </params>
          <reporter-output>
          </reporter-output>
        </test-method> <!-- releaseInFuture -->
        <test-method signature="releaseInFuture(java.lang.String,java.lang.Double,java.time.LocalDate)[pri:1, instance:test_scenarios.UpcomingBikesTest@481a996b]" started-at="2024-03-03T10:38:15 IST" name="releaseInFuture" description="check is any bike with release date of the past was retreived on application of appropriate filters" data-provider="bikes" finished-at="2024-03-03T10:38:15 IST" duration-ms="2" status="PASS">
          <params>
            <param index="0">
              <value>
                <![CDATA[Hero XPulse 210]]>
              </value>
            </param>
            <param index="1">
              <value>
                <![CDATA[135000.0]]>
              </value>
            </param>
            <param index="2">
              <value>
                <![CDATA[2024-03-31]]>
              </value>
            </param>
          </params>
          <reporter-output>
          </reporter-output>
        </test-method> <!-- releaseInFuture -->
        <test-method signature="releaseInFuture(java.lang.String,java.lang.Double,java.time.LocalDate)[pri:1, instance:test_scenarios.UpcomingBikesTest@481a996b]" started-at="2024-03-03T10:38:15 IST" name="releaseInFuture" description="check is any bike with release date of the past was retreived on application of appropriate filters" data-provider="bikes" finished-at="2024-03-03T10:38:15 IST" duration-ms="4" status="PASS">
          <params>
            <param index="0">
              <value>
                <![CDATA[Hero Adventure Scooter]]>
              </value>
            </param>
            <param index="1">
              <value>
                <![CDATA[135000.0]]>
              </value>
            </param>
            <param index="2">
              <value>
                <![CDATA[2024-03-31]]>
              </value>
            </param>
          </params>
          <reporter-output>
          </reporter-output>
        </test-method> <!-- releaseInFuture -->
        <test-method signature="releaseInFuture(java.lang.String,java.lang.Double,java.time.LocalDate)[pri:1, instance:test_scenarios.UpcomingBikesTest@481a996b]" started-at="2024-03-03T10:38:15 IST" name="releaseInFuture" description="check is any bike with release date of the past was retreived on application of appropriate filters" data-provider="bikes" finished-at="2024-03-03T10:38:15 IST" duration-ms="2" status="PASS">
          <params>
            <param index="0">
              <value>
                <![CDATA[Gogoro 2 Series]]>
              </value>
            </param>
            <param index="1">
              <value>
                <![CDATA[135000.0]]>
              </value>
            </param>
            <param index="2">
              <value>
                <![CDATA[2024-03-31]]>
              </value>
            </param>
          </params>
          <reporter-output>
          </reporter-output>
        </test-method> <!-- releaseInFuture -->
        <test-method signature="releaseInFuture(java.lang.String,java.lang.Double,java.time.LocalDate)[pri:1, instance:test_scenarios.UpcomingBikesTest@481a996b]" started-at="2024-03-03T10:38:15 IST" name="releaseInFuture" description="check is any bike with release date of the past was retreived on application of appropriate filters" data-provider="bikes" finished-at="2024-03-03T10:38:15 IST" duration-ms="2" status="PASS">
          <params>
            <param index="0">
              <value>
                <![CDATA[Peugeot Django 125]]>
              </value>
            </param>
            <param index="1">
              <value>
                <![CDATA[135000.0]]>
              </value>
            </param>
            <param index="2">
              <value>
                <![CDATA[2024-03-31]]>
              </value>
            </param>
          </params>
          <reporter-output>
          </reporter-output>
        </test-method> <!-- releaseInFuture -->
        <test-method signature="releaseInFuture(java.lang.String,java.lang.Double,java.time.LocalDate)[pri:1, instance:test_scenarios.UpcomingBikesTest@481a996b]" started-at="2024-03-03T10:38:15 IST" name="releaseInFuture" description="check is any bike with release date of the past was retreived on application of appropriate filters" data-provider="bikes" finished-at="2024-03-03T10:38:15 IST" duration-ms="1" status="PASS">
          <params>
            <param index="0">
              <value>
                <![CDATA[Yamaha XSR155]]>
              </value>
            </param>
            <param index="1">
              <value>
                <![CDATA[135000.0]]>
              </value>
            </param>
            <param index="2">
              <value>
                <![CDATA[2024-03-31]]>
              </value>
            </param>
          </params>
          <reporter-output>
          </reporter-output>
        </test-method> <!-- releaseInFuture -->
        <test-method signature="releaseInFuture(java.lang.String,java.lang.Double,java.time.LocalDate)[pri:1, instance:test_scenarios.UpcomingBikesTest@481a996b]" started-at="2024-03-03T10:38:15 IST" name="releaseInFuture" description="check is any bike with release date of the past was retreived on application of appropriate filters" data-provider="bikes" finished-at="2024-03-03T10:38:15 IST" duration-ms="1" status="PASS">
          <params>
            <param index="0">
              <value>
                <![CDATA[Honda CBR150R]]>
              </value>
            </param>
            <param index="1">
              <value>
                <![CDATA[135000.0]]>
              </value>
            </param>
            <param index="2">
              <value>
                <![CDATA[2024-03-31]]>
              </value>
            </param>
          </params>
          <reporter-output>
          </reporter-output>
        </test-method> <!-- releaseInFuture -->
        <test-method signature="releaseInFuture(java.lang.String,java.lang.Double,java.time.LocalDate)[pri:1, instance:test_scenarios.UpcomingBikesTest@481a996b]" started-at="2024-03-03T10:38:15 IST" name="releaseInFuture" description="check is any bike with release date of the past was retreived on application of appropriate filters" data-provider="bikes" finished-at="2024-03-03T10:38:15 IST" duration-ms="1" status="PASS">
          <params>
            <param index="0">
              <value>
                <![CDATA[Bajaj Avenger 400]]>
              </value>
            </param>
            <param index="1">
              <value>
                <![CDATA[135000.0]]>
              </value>
            </param>
            <param index="2">
              <value>
                <![CDATA[2024-03-31]]>
              </value>
            </param>
          </params>
          <reporter-output>
          </reporter-output>
        </test-method> <!-- releaseInFuture -->
        <test-method signature="releaseInFuture(java.lang.String,java.lang.Double,java.time.LocalDate)[pri:1, instance:test_scenarios.UpcomingBikesTest@481a996b]" started-at="2024-03-03T10:38:15 IST" name="releaseInFuture" description="check is any bike with release date of the past was retreived on application of appropriate filters" data-provider="bikes" finished-at="2024-03-03T10:38:15 IST" duration-ms="1" status="PASS">
          <params>
            <param index="0">
              <value>
                <![CDATA[Husqvarna Svartpilen 125]]>
              </value>
            </param>
            <param index="1">
              <value>
                <![CDATA[135000.0]]>
              </value>
            </param>
            <param index="2">
              <value>
                <![CDATA[2024-03-31]]>
              </value>
            </param>
          </params>
          <reporter-output>
          </reporter-output>
        </test-method> <!-- releaseInFuture -->
        <test-method signature="releaseInFuture(java.lang.String,java.lang.Double,java.time.LocalDate)[pri:1, instance:test_scenarios.UpcomingBikesTest@481a996b]" started-at="2024-03-03T10:38:15 IST" name="releaseInFuture" description="check is any bike with release date of the past was retreived on application of appropriate filters" data-provider="bikes" finished-at="2024-03-03T10:38:15 IST" duration-ms="1" status="PASS">
          <params>
            <param index="0">
              <value>
                <![CDATA[KTM Electric Scooter]]>
              </value>
            </param>
            <param index="1">
              <value>
                <![CDATA[135000.0]]>
              </value>
            </param>
            <param index="2">
              <value>
                <![CDATA[2024-03-31]]>
              </value>
            </param>
          </params>
          <reporter-output>
          </reporter-output>
        </test-method> <!-- releaseInFuture -->
        <test-method is-config="true" signature="naturalise()[pri:0, instance:test_scenarios.UpcomingBikesTest@481a996b]" started-at="2024-03-03T10:38:15 IST" name="naturalise" finished-at="2024-03-03T10:38:17 IST" duration-ms="2403" status="PASS">
          <reporter-output>
          </reporter-output>
        </test-method> <!-- naturalise -->
        <test-method is-config="true" signature="destroy()[pri:0, instance:test_scenarios.UpcomingBikesTest@481a996b]" started-at="2024-03-03T10:38:52 IST" name="destroy" finished-at="2024-03-03T10:38:53 IST" duration-ms="1725" status="PASS">
          <reporter-output>
          </reporter-output>
        </test-method> <!-- destroy -->
      </class> <!-- test_scenarios.UpcomingBikesTest -->
    </test> <!-- Test1 -->
  </suite> <!-- Suite -->
</testng-results>
