<?xml version="1.0" encoding="UTF-8"?>
<!-- Generated by org.testng.reporters.JUnitXMLReporter -->
<testsuite ignored="2" hostname="LTIN198528" failures="0" tests="66" name="Test" time="32.403" errors="0" timestamp="2024-03-02T18:54:12 IST">
  <testcase classname="test_scenarios.UpcomingBikesTest" name="@BeforeClass init" time="0.001">
    <failure type="java.lang.NullPointerException" message="Cannot invoke &amp;quot;page_objects.HomePage.navigateToUpcommingBikes()&amp;quot; because &amp;quot;this.homePage&amp;quot; is null">
      <![CDATA[java.lang.NullPointerException: Cannot invoke "page_objects.HomePage.navigateToUpcommingBikes()" because "this.homePage" is null
at test_scenarios.UpcomingBikesTest.init(UpcomingBikesTest.java:25)
at java.base/java.util.ArrayList.forEach(ArrayList.java:1511)
... Removed 25 stack frames]]>
    </failure>
  </testcase> <!-- @BeforeClass init -->
  <testcase classname="test_scenarios.UpcomingBikesTest" name="@AfterClass destroy" time="-1.709385852627E9">
    <skipped/>
  </testcase> <!-- @AfterClass destroy -->
  <testcase classname="test_scenarios.LoginTest" name="loginUsingEmail" time="3.318"/>
  <testcase classname="test_scenarios.LoginTest" name="loginUsingEmail" time="2.641"/>
  <testcase classname="test_scenarios.LoginTest" name="loginUsingEmail" time="2.578"/>
  <testcase classname="test_scenarios.LoginTest" name="loginUsingEmail" time="2.639"/>
  <testcase classname="test_scenarios.LoginTest" name="loginUsingEmail" time="2.909"/>
  <testcase classname="test_scenarios.LoginTest" name="loginUsingPhoneNumber" time="2.579"/>
  <testcase classname="test_scenarios.LoginTest" name="loginUsingPhoneNumber" time="2.437"/>
  <testcase classname="test_scenarios.LoginTest" name="loginUsingPhoneNumber" time="2.472"/>
  <testcase classname="test_scenarios.UpcomingBikesTest" name="priceUnderTwoLakhTest" time="0.0">
    <skipped/>
  </testcase> <!-- priceUnderTwoLakhTest -->
  <testcase classname="test_scenarios.UpcomingBikesTest" name="priceUnderTwoLakhTest" time="0.0">
    <skipped/>
  </testcase> <!-- priceUnderTwoLakhTest -->
  <testcase classname="test_scenarios.UpcomingBikesTest" name="priceUnderTwoLakhTest" time="0.0">
    <skipped/>
  </testcase> <!-- priceUnderTwoLakhTest -->
  <testcase classname="test_scenarios.UpcomingBikesTest" name="priceUnderTwoLakhTest" time="0.0">
    <skipped/>
  </testcase> <!-- priceUnderTwoLakhTest -->
  <testcase classname="test_scenarios.UpcomingBikesTest" name="priceUnderTwoLakhTest" time="0.0">
    <skipped/>
  </testcase> <!-- priceUnderTwoLakhTest -->
  <testcase classname="test_scenarios.UpcomingBikesTest" name="priceUnderTwoLakhTest" time="0.0">
    <skipped/>
  </testcase> <!-- priceUnderTwoLakhTest -->
  <testcase classname="test_scenarios.UpcomingBikesTest" name="priceUnderTwoLakhTest" time="0.0">
    <skipped/>
  </testcase> <!-- priceUnderTwoLakhTest -->
  <testcase classname="test_scenarios.UpcomingBikesTest" name="priceUnderTwoLakhTest" time="0.0">
    <skipped/>
  </testcase> <!-- priceUnderTwoLakhTest -->
  <testcase classname="test_scenarios.UpcomingBikesTest" name="priceUnderTwoLakhTest" time="0.0">
    <skipped/>
  </testcase> <!-- priceUnderTwoLakhTest -->
  <testcase classname="test_scenarios.UpcomingBikesTest" name="priceUnderTwoLakhTest" time="0.0">
    <skipped/>
  </testcase> <!-- priceUnderTwoLakhTest -->
  <testcase classname="test_scenarios.UpcomingBikesTest" name="priceUnderTwoLakhTest" time="0.0">
    <skipped/>
  </testcase> <!-- priceUnderTwoLakhTest -->
  <testcase classname="test_scenarios.UpcomingBikesTest" name="priceUnderTwoLakhTest" time="0.0">
    <skipped/>
  </testcase> <!-- priceUnderTwoLakhTest -->
  <testcase classname="test_scenarios.UpcomingBikesTest" name="priceUnderTwoLakhTest" time="0.0">
    <skipped/>
  </testcase> <!-- priceUnderTwoLakhTest -->
  <testcase classname="test_scenarios.UpcomingBikesTest" name="priceUnderTwoLakhTest" time="0.0">
    <skipped/>
  </testcase> <!-- priceUnderTwoLakhTest -->
  <testcase classname="test_scenarios.UpcomingBikesTest" name="priceUnderTwoLakhTest" time="0.0">
    <skipped/>
  </testcase> <!-- priceUnderTwoLakhTest -->
  <testcase classname="test_scenarios.UpcomingBikesTest" name="priceUnderTwoLakhTest" time="0.0">
    <skipped/>
  </testcase> <!-- priceUnderTwoLakhTest -->
  <testcase classname="test_scenarios.UpcomingBikesTest" name="priceUnderTwoLakhTest" time="0.0">
    <skipped/>
  </testcase> <!-- priceUnderTwoLakhTest -->
  <testcase classname="test_scenarios.UpcomingBikesTest" name="priceUnderTwoLakhTest" time="0.0">
    <skipped/>
  </testcase> <!-- priceUnderTwoLakhTest -->
  <testcase classname="test_scenarios.UpcomingBikesTest" name="priceUnderTwoLakhTest" time="0.0">
    <skipped/>
  </testcase> <!-- priceUnderTwoLakhTest -->
  <testcase classname="test_scenarios.UpcomingBikesTest" name="priceUnderTwoLakhTest" time="0.0">
    <skipped/>
  </testcase> <!-- priceUnderTwoLakhTest -->
  <testcase classname="test_scenarios.UpcomingBikesTest" name="priceUnderTwoLakhTest" time="0.0">
    <skipped/>
  </testcase> <!-- priceUnderTwoLakhTest -->
  <testcase classname="test_scenarios.UpcomingBikesTest" name="priceUnderTwoLakhTest" time="0.0">
    <skipped/>
  </testcase> <!-- priceUnderTwoLakhTest -->
  <testcase classname="test_scenarios.UpcomingBikesTest" name="priceUnderTwoLakhTest" time="0.0">
    <skipped/>
  </testcase> <!-- priceUnderTwoLakhTest -->
  <testcase classname="test_scenarios.UpcomingBikesTest" name="priceUnderTwoLakhTest" time="0.0">
    <skipped/>
  </testcase> <!-- priceUnderTwoLakhTest -->
  <testcase classname="test_scenarios.UpcomingBikesTest" name="priceUnderTwoLakhTest" time="0.0">
    <skipped/>
  </testcase> <!-- priceUnderTwoLakhTest -->
  <testcase classname="test_scenarios.UpcomingBikesTest" name="priceUnderTwoLakhTest" time="0.0">
    <skipped/>
  </testcase> <!-- priceUnderTwoLakhTest -->
  <testcase classname="test_scenarios.UpcomingBikesTest" name="priceUnderTwoLakhTest" time="0.0">
    <skipped/>
  </testcase> <!-- priceUnderTwoLakhTest -->
  <testcase classname="test_scenarios.UpcomingBikesTest" name="priceUnderTwoLakhTest" time="0.0">
    <skipped/>
  </testcase> <!-- priceUnderTwoLakhTest -->
  <testcase classname="test_scenarios.UpcomingBikesTest" name="priceUnderTwoLakhTest" time="0.0">
    <skipped/>
  </testcase> <!-- priceUnderTwoLakhTest -->
  <testcase classname="test_scenarios.UpcomingBikesTest" name="releaseInFuture" time="0.0">
    <skipped/>
  </testcase> <!-- releaseInFuture -->
  <testcase classname="test_scenarios.UpcomingBikesTest" name="releaseInFuture" time="0.0">
    <skipped/>
  </testcase> <!-- releaseInFuture -->
  <testcase classname="test_scenarios.UpcomingBikesTest" name="releaseInFuture" time="0.0">
    <skipped/>
  </testcase> <!-- releaseInFuture -->
  <testcase classname="test_scenarios.UpcomingBikesTest" name="releaseInFuture" time="0.0">
    <skipped/>
  </testcase> <!-- releaseInFuture -->
  <testcase classname="test_scenarios.UpcomingBikesTest" name="releaseInFuture" time="0.0">
    <skipped/>
  </testcase> <!-- releaseInFuture -->
  <testcase classname="test_scenarios.UpcomingBikesTest" name="releaseInFuture" time="0.0">
    <skipped/>
  </testcase> <!-- releaseInFuture -->
  <testcase classname="test_scenarios.UpcomingBikesTest" name="releaseInFuture" time="0.0">
    <skipped/>
  </testcase> <!-- releaseInFuture -->
  <testcase classname="test_scenarios.UpcomingBikesTest" name="releaseInFuture" time="0.0">
    <skipped/>
  </testcase> <!-- releaseInFuture -->
  <testcase classname="test_scenarios.UpcomingBikesTest" name="releaseInFuture" time="0.0">
    <skipped/>
  </testcase> <!-- releaseInFuture -->
  <testcase classname="test_scenarios.UpcomingBikesTest" name="releaseInFuture" time="0.0">
    <skipped/>
  </testcase> <!-- releaseInFuture -->
  <testcase classname="test_scenarios.UpcomingBikesTest" name="releaseInFuture" time="0.0">
    <skipped/>
  </testcase> <!-- releaseInFuture -->
  <testcase classname="test_scenarios.UpcomingBikesTest" name="releaseInFuture" time="0.0">
    <skipped/>
  </testcase> <!-- releaseInFuture -->
  <testcase classname="test_scenarios.UpcomingBikesTest" name="releaseInFuture" time="0.0">
    <skipped/>
  </testcase> <!-- releaseInFuture -->
  <testcase classname="test_scenarios.UpcomingBikesTest" name="releaseInFuture" time="0.0">
    <skipped/>
  </testcase> <!-- releaseInFuture -->
  <testcase classname="test_scenarios.UpcomingBikesTest" name="releaseInFuture" time="0.0">
    <skipped/>
  </testcase> <!-- releaseInFuture -->
  <testcase classname="test_scenarios.UpcomingBikesTest" name="releaseInFuture" time="0.0">
    <skipped/>
  </testcase> <!-- releaseInFuture -->
  <testcase classname="test_scenarios.UpcomingBikesTest" name="releaseInFuture" time="0.0">
    <skipped/>
  </testcase> <!-- releaseInFuture -->
  <testcase classname="test_scenarios.UpcomingBikesTest" name="releaseInFuture" time="0.0">
    <skipped/>
  </testcase> <!-- releaseInFuture -->
  <testcase classname="test_scenarios.UpcomingBikesTest" name="releaseInFuture" time="0.0">
    <skipped/>
  </testcase> <!-- releaseInFuture -->
  <testcase classname="test_scenarios.UpcomingBikesTest" name="releaseInFuture" time="0.0">
    <skipped/>
  </testcase> <!-- releaseInFuture -->
  <testcase classname="test_scenarios.UpcomingBikesTest" name="releaseInFuture" time="0.0">
    <skipped/>
  </testcase> <!-- releaseInFuture -->
  <testcase classname="test_scenarios.UpcomingBikesTest" name="releaseInFuture" time="0.0">
    <skipped/>
  </testcase> <!-- releaseInFuture -->
  <testcase classname="test_scenarios.UpcomingBikesTest" name="releaseInFuture" time="0.0">
    <skipped/>
  </testcase> <!-- releaseInFuture -->
  <testcase classname="test_scenarios.UpcomingBikesTest" name="releaseInFuture" time="0.0">
    <skipped/>
  </testcase> <!-- releaseInFuture -->
  <testcase classname="test_scenarios.UpcomingBikesTest" name="releaseInFuture" time="0.0">
    <skipped/>
  </testcase> <!-- releaseInFuture -->
  <testcase classname="test_scenarios.UpcomingBikesTest" name="releaseInFuture" time="0.0">
    <skipped/>
  </testcase> <!-- releaseInFuture -->
  <testcase classname="test_scenarios.UpcomingBikesTest" name="releaseInFuture" time="0.0">
    <skipped/>
  </testcase> <!-- releaseInFuture -->
  <testcase classname="test_scenarios.UpcomingBikesTest" name="releaseInFuture" time="0.0">
    <skipped/>
  </testcase> <!-- releaseInFuture -->
  <testcase classname="test_scenarios.UpcomingBikesTest" name="releaseInFuture" time="0.0">
    <skipped/>
  </testcase> <!-- releaseInFuture -->
  <testcase classname="common.AppTest" name="@AfterSuite destroy" time="0.0">
    <ignored/>
  </testcase> <!-- @AfterSuite destroy -->
  <testcase classname="common.AppTest" name="@BeforeSuite init" time="0.0">
    <ignored/>
  </testcase> <!-- @BeforeSuite init -->
</testsuite> <!-- Test -->
