<?xml version="1.0" encoding="UTF-8"?>
<!-- Generated by org.testng.reporters.JUnitXMLReporter -->
<testsuite ignored="2" hostname="LTIN198528" failures="0" tests="8" name="Test" time="26.718" errors="0" timestamp="2024-03-02T17:31:39 IST">
  <testcase classname="test_scenarios.LoginTest" name="@BeforeClass navigateFromHome" time="7.157">
    <failure type="java.lang.NullPointerException" message="null value in entry: handle=null">
      <![CDATA[java.lang.NullPointerException: null value in entry: handle=null
at com.google.common.collect.CollectPreconditions.checkEntryNotNull(CollectPreconditions.java:33)
at com.google.common.collect.SingletonImmutableBiMap.<init>(SingletonImmutableBiMap.java:43)
at com.google.common.collect.ImmutableBiMap.of(ImmutableBiMap.java:83)
at com.google.common.collect.ImmutableMap.of(ImmutableMap.java:130)
at org.openqa.selenium.remote.DriverCommand.SWITCH_TO_WINDOW(DriverCommand.java:269)
at org.openqa.selenium.remote.RemoteWebDriver$RemoteTargetLocator.window(RemoteWebDriver.java:1123)
at page_objects.HomePage.launchLoginPage(HomePage.java:61)
at test_scenarios.LoginTest.navigateFromHome(LoginTest.java:15)
at java.base/java.util.ArrayList.forEach(ArrayList.java:1511)
... Removed 25 stack frames]]>
    </failure>
  </testcase> <!-- @BeforeClass navigateFromHome -->
  <testcase classname="test_scenarios.LoginTest" name="@AfterClass navigateBackToHome" time="-1.709380899515E9">
    <skipped/>
  </testcase> <!-- @AfterClass navigateBackToHome -->
  <testcase classname="common.AppTest" name="@AfterTest destroy" time="-1.709380899567E9">
    <skipped/>
  </testcase> <!-- @AfterTest destroy -->
  <testcase classname="test_scenarios.LoginTest" name="loginUsingEmail" time="0.0">
    <skipped/>
  </testcase> <!-- loginUsingEmail -->
  <testcase classname="test_scenarios.LoginTest" name="loginUsingEmail" time="0.0">
    <skipped/>
  </testcase> <!-- loginUsingEmail -->
  <testcase classname="test_scenarios.LoginTest" name="loginUsingEmail" time="0.0">
    <skipped/>
  </testcase> <!-- loginUsingEmail -->
  <testcase classname="test_scenarios.LoginTest" name="loginUsingEmail" time="0.0">
    <skipped/>
  </testcase> <!-- loginUsingEmail -->
  <testcase classname="test_scenarios.LoginTest" name="loginUsingEmail" time="0.0">
    <skipped/>
  </testcase> <!-- loginUsingEmail -->
  <testcase classname="test_scenarios.LoginTest" name="loginUsingPhoneNumber" time="0.0">
    <skipped/>
  </testcase> <!-- loginUsingPhoneNumber -->
  <testcase classname="test_scenarios.LoginTest" name="loginUsingPhoneNumber" time="0.0">
    <skipped/>
  </testcase> <!-- loginUsingPhoneNumber -->
  <testcase classname="test_scenarios.LoginTest" name="loginUsingPhoneNumber" time="0.0">
    <skipped/>
  </testcase> <!-- loginUsingPhoneNumber -->
  <testcase classname="common.AppTest" name="@AfterTest destroy" time="0.0">
    <ignored/>
  </testcase> <!-- @AfterTest destroy -->
  <testcase classname="common.AppTest" name="@BeforeTest init" time="0.0">
    <ignored/>
  </testcase> <!-- @BeforeTest init -->
</testsuite> <!-- Test -->
