<?xml version="1.0" encoding="UTF-8"?>
<!-- Generated by org.testng.reporters.JUnitXMLReporter -->
<testsuite ignored="0" hostname="LTIN198528" failures="0" tests="10" name="Default test" time="43.094" errors="0" timestamp="2024-03-03T14:23:42 IST">
  <testcase classname="test_scenarios.LoginTest" name="negativeEmailLoginTest" time="3.898"/>
  <testcase classname="test_scenarios.LoginTest" name="negativeEmailLoginTest" time="2.751"/>
  <testcase classname="test_scenarios.LoginTest" name="negativeEmailLoginTest" time="2.72"/>
  <testcase classname="test_scenarios.LoginTest" name="negativeEmailLoginTest" time="2.665"/>
  <testcase classname="test_scenarios.LoginTest" name="negativeEmailLoginTest" time="2.817"/>
  <testcase classname="test_scenarios.LoginTest" name="negativePhoneNumberLoginTest" time="2.719"/>
  <testcase classname="test_scenarios.LoginTest" name="negativePhoneNumberLoginTest" time="2.79"/>
  <testcase classname="test_scenarios.LoginTest" name="negativePhoneNumberLoginTest" time="2.603"/>
  <testcase classname="test_scenarios.LoginTest" name="positiveEmailLoginTest" time="5.701"/>
  <testcase classname="test_scenarios.LoginTest" name="positivePhoneNumberLoginTest" time="6.012"/>
</testsuite> <!-- Default test -->
