<?xml version="1.0" encoding="UTF-8"?>
<!-- Generated by org.testng.reporters.JUnitXMLReporter -->
<testsuite ignored="0" hostname="LTIN198528" failures="0" tests="10" name="Default test" time="247.704" errors="0" timestamp="2024-03-05T13:04:56 IST">
  <testcase classname="test_scenarios.LoginTest" name="negativeEmailLoginTest" time="114.788"/>
  <testcase classname="test_scenarios.LoginTest" name="negativeEmailLoginTest" time="17.845"/>
  <testcase classname="test_scenarios.LoginTest" name="negativeEmailLoginTest" time="9.94"/>
  <testcase classname="test_scenarios.LoginTest" name="negativeEmailLoginTest" time="10.307"/>
  <testcase classname="test_scenarios.LoginTest" name="negativeEmailLoginTest" time="12.211"/>
  <testcase classname="test_scenarios.LoginTest" name="negativePhoneNumberLoginTest" time="18.598"/>
  <testcase classname="test_scenarios.LoginTest" name="negativePhoneNumberLoginTest" time="4.726"/>
  <testcase classname="test_scenarios.LoginTest" name="negativePhoneNumberLoginTest" time="8.925"/>
  <testcase classname="test_scenarios.LoginTest" name="positiveEmailLoginTest" time="35.154"/>
  <testcase classname="test_scenarios.LoginTest" name="positivePhoneNumberLoginTest" time="6.518"/>
</testsuite> <!-- Default test -->
